<?xml version="1.0" encoding="UTF-8"?>
<testng-results skipped="0" failed="0" total="1" passed="1">
  <reporter-output>
  </reporter-output>
  <suite name="Default suite" duration-ms="57682" started-at="2017-10-04T19:18:33Z" finished-at="2017-10-04T19:19:31Z">
    <groups>
    </groups>
    <test name="Default test" duration-ms="57682" started-at="2017-10-04T19:18:33Z" finished-at="2017-10-04T19:19:31Z">
      <class name="belcorp.test.Checkout.CPA_022_Logear_AgregarNuevaDireccion_Comprar">
        <test-method status="PASS" signature="CPA_022()[pri:0, instance:belcorp.test.Checkout.CPA_022_Logear_AgregarNuevaDireccion_Comprar@475530b9]" name="CPA_022" duration-ms="57666" started-at="2017-10-04T16:18:33Z" finished-at="2017-10-04T16:19:31Z">
          <reporter-output>
          </reporter-output>
        </test-method> <!-- CPA_022 -->
      </class> <!-- belcorp.test.Checkout.CPA_022_Logear_AgregarNuevaDireccion_Comprar -->
    </test> <!-- Default test -->
  </suite> <!-- Default suite -->
</testng-results>
