<?xml version="1.0" encoding="UTF-8"?>
<testng-results skipped="0" failed="0" total="1" passed="1">
  <reporter-output>
  </reporter-output>
  <suite name="Default suite" duration-ms="76482" started-at="2017-10-05T22:11:59Z" finished-at="2017-10-05T22:13:16Z">
    <groups>
    </groups>
    <test name="Default test" duration-ms="76482" started-at="2017-10-05T22:11:59Z" finished-at="2017-10-05T22:13:16Z">
      <class name="belcorp.test.Checkout.CPA_024_Registrar_AgregarNuevaDireccion_Comprar">
        <test-method status="PASS" signature="CPA_024_Registrar_AgregarNuevaDireccion_Comprar()[pri:0, instance:belcorp.test.Checkout.CPA_024_Registrar_AgregarNuevaDireccion_Comprar@29774679]" name="CPA_024_Registrar_AgregarNuevaDireccion_Comprar" duration-ms="76469" started-at="2017-10-05T19:11:59Z" finished-at="2017-10-05T19:13:16Z">
          <reporter-output>
          </reporter-output>
        </test-method> <!-- CPA_024_Registrar_AgregarNuevaDireccion_Comprar -->
      </class> <!-- belcorp.test.Checkout.CPA_024_Registrar_AgregarNuevaDireccion_Comprar -->
    </test> <!-- Default test -->
  </suite> <!-- Default suite -->
</testng-results>
