<?xml version="1.0" encoding="UTF-8"?>
<!-- Generated by org.testng.reporters.JUnitReportReporter -->
<testsuite hostname="CL-NB-353" name="belcorp.test.AñadirProductosBolsa.CPA_14_Ver_Bolsa_No_Anadir_Producto" tests="1" failures="0" timestamp="12 Oct 2017 18:54:45 GMT" time="23.805" errors="0">
  <testcase name="Ver_Bolsa_No_Añadir_Producto" time="23.805" classname="belcorp.test.AñadirProductosBolsa.CPA_14_Ver_Bolsa_No_Anadir_Producto"/>
</testsuite> <!-- belcorp.test.AñadirProductosBolsa.CPA_14_Ver_Bolsa_No_Anadir_Producto -->
