<?xml version="1.0" encoding="UTF-8"?>
<!-- Generated by org.testng.reporters.JUnitXMLReporter -->
<testsuite hostname="CL-NB-353" name="Test Set - LoginBusquedaProducto - 12102017" tests="3" failures="3" timestamp="12 Oct 2017 18:42:19 GMT" time="15.023" errors="0">
  <testcase name="Busqueda_Categoria" time="5.006" classname="belcorp.test.LoginBusquedaProducto.CPA_09_Busqueda_Categoria">
    <failure type="org.testng.internal.thread.ThreadTimeoutException" message="Method org.testng.internal.TestNGMethod.Busqueda_Categoria() didn&amp;apos;t finish within the time-out 5000">
      <![CDATA[org.testng.internal.thread.ThreadTimeoutException: Method org.testng.internal.TestNGMethod.Busqueda_Categoria() didn't finish within the time-out 5000
	at java.lang.Thread.sleep(Native Method)
	at org.openqa.selenium.internal.SocketLock.lock(SocketLock.java:91)
	at org.openqa.selenium.firefox.internal.NewProfileExtensionConnection.start(NewProfileExtensionConnection.java:80)
	at org.openqa.selenium.firefox.FirefoxDriver.startClient(FirefoxDriver.java:271)
	at org.openqa.selenium.remote.RemoteWebDriver.<init>(RemoteWebDriver.java:119)
	at org.openqa.selenium.firefox.FirefoxDriver.<init>(FirefoxDriver.java:216)
	at org.openqa.selenium.firefox.FirefoxDriver.<init>(FirefoxDriver.java:211)
	at org.openqa.selenium.firefox.FirefoxDriver.<init>(FirefoxDriver.java:207)
	at org.openqa.selenium.firefox.FirefoxDriver.<init>(FirefoxDriver.java:120)
	at belcorp.utils.BrowserFactory.startBrowser(BrowserFactory.java:25)
	at belcorp.test.LoginBusquedaProducto.CPA_09_Busqueda_Categoria.Busqueda_Categoria(CPA_09_Busqueda_Categoria.java:35)
	at java.util.concurrent.Executors$RunnableAdapter.call(Unknown Source)
	at java.util.concurrent.FutureTask.run(Unknown Source)
	at java.util.concurrent.ThreadPoolExecutor.runWorker(Unknown Source)
	at java.util.concurrent.ThreadPoolExecutor$Worker.run(Unknown Source)
	at java.lang.Thread.run(Unknown Source)
... Removed 7 stack frames]]>
    </failure>
  </testcase> <!-- Busqueda_Categoria -->
  <testcase name="Busqueda_Cat_SubCategoria" time="5.004" classname="belcorp.test.LoginBusquedaProducto.CPA_10_Busqueda_Cat_SubCategoria">
    <failure type="org.testng.internal.thread.ThreadTimeoutException" message="Method org.testng.internal.TestNGMethod.Busqueda_Cat_SubCategoria() didn&amp;apos;t finish within the time-out 5000">
      <![CDATA[org.testng.internal.thread.ThreadTimeoutException: Method org.testng.internal.TestNGMethod.Busqueda_Cat_SubCategoria() didn't finish within the time-out 5000
	at java.net.DualStackPlainSocketImpl.connect0(Native Method)
	at java.net.DualStackPlainSocketImpl.socketConnect(Unknown Source)
	at java.net.AbstractPlainSocketImpl.doConnect(Unknown Source)
	at java.net.AbstractPlainSocketImpl.connectToAddress(Unknown Source)
	at java.net.AbstractPlainSocketImpl.connect(Unknown Source)
	at java.net.PlainSocketImpl.connect(Unknown Source)
	at java.net.SocksSocketImpl.connect(Unknown Source)
	at java.net.Socket.connect(Unknown Source)
	at java.net.Socket.connect(Unknown Source)
	at sun.net.NetworkClient.doConnect(Unknown Source)
	at sun.net.www.http.HttpClient.openServer(Unknown Source)
	at sun.net.www.http.HttpClient.openServer(Unknown Source)
	at sun.net.www.http.HttpClient.<init>(Unknown Source)
	at sun.net.www.http.HttpClient.New(Unknown Source)
	at sun.net.www.http.HttpClient.New(Unknown Source)
	at sun.net.www.protocol.http.HttpURLConnection.getNewHttpClient(Unknown Source)
	at sun.net.www.protocol.http.HttpURLConnection.plainConnect0(Unknown Source)
	at sun.net.www.protocol.http.HttpURLConnection.plainConnect(Unknown Source)
	at sun.net.www.protocol.http.HttpURLConnection.connect(Unknown Source)
	at org.openqa.selenium.firefox.internal.NewProfileExtensionConnection.isConnected(NewProfileExtensionConnection.java:220)
	at org.openqa.selenium.firefox.internal.NewProfileExtensionConnection.start(NewProfileExtensionConnection.java:110)
	at org.openqa.selenium.firefox.FirefoxDriver.startClient(FirefoxDriver.java:271)
	at org.openqa.selenium.remote.RemoteWebDriver.<init>(RemoteWebDriver.java:119)
	at org.openqa.selenium.firefox.FirefoxDriver.<init>(FirefoxDriver.java:216)
	at org.openqa.selenium.firefox.FirefoxDriver.<init>(FirefoxDriver.java:211)
	at org.openqa.selenium.firefox.FirefoxDriver.<init>(FirefoxDriver.java:207)
	at org.openqa.selenium.firefox.FirefoxDriver.<init>(FirefoxDriver.java:120)
	at belcorp.utils.BrowserFactory.startBrowser(BrowserFactory.java:25)
	at belcorp.test.LoginBusquedaProducto.CPA_10_Busqueda_Cat_SubCategoria.Busqueda_Cat_SubCategoria(CPA_10_Busqueda_Cat_SubCategoria.java:38)
	at java.util.concurrent.Executors$RunnableAdapter.call(Unknown Source)
	at java.util.concurrent.FutureTask.run(Unknown Source)
	at java.util.concurrent.ThreadPoolExecutor.runWorker(Unknown Source)
	at java.util.concurrent.ThreadPoolExecutor$Worker.run(Unknown Source)
	at java.lang.Thread.run(Unknown Source)
... Removed 7 stack frames]]>
    </failure>
  </testcase> <!-- Busqueda_Cat_SubCategoria -->
  <testcase name="Busqueda_Barra_SKU" time="5.004" classname="belcorp.test.LoginBusquedaProducto.CPA_11_Busqueda_Barra_SKU">
    <failure type="org.testng.internal.thread.ThreadTimeoutException" message="Method org.testng.internal.TestNGMethod.Busqueda_Barra_SKU() didn&amp;apos;t finish within the time-out 5000">
      <![CDATA[org.testng.internal.thread.ThreadTimeoutException: Method org.testng.internal.TestNGMethod.Busqueda_Barra_SKU() didn't finish within the time-out 5000
	at java.lang.Thread.sleep(Native Method)
	at org.openqa.selenium.internal.SocketLock.lock(SocketLock.java:91)
	at org.openqa.selenium.firefox.internal.NewProfileExtensionConnection.start(NewProfileExtensionConnection.java:80)
	at org.openqa.selenium.firefox.FirefoxDriver.startClient(FirefoxDriver.java:271)
	at org.openqa.selenium.remote.RemoteWebDriver.<init>(RemoteWebDriver.java:119)
	at org.openqa.selenium.firefox.FirefoxDriver.<init>(FirefoxDriver.java:216)
	at org.openqa.selenium.firefox.FirefoxDriver.<init>(FirefoxDriver.java:211)
	at org.openqa.selenium.firefox.FirefoxDriver.<init>(FirefoxDriver.java:207)
	at org.openqa.selenium.firefox.FirefoxDriver.<init>(FirefoxDriver.java:120)
	at belcorp.utils.BrowserFactory.startBrowser(BrowserFactory.java:25)
	at belcorp.test.LoginBusquedaProducto.CPA_11_Busqueda_Barra_SKU.Busqueda_Barra_SKU(CPA_11_Busqueda_Barra_SKU.java:35)
	at java.util.concurrent.Executors$RunnableAdapter.call(Unknown Source)
	at java.util.concurrent.FutureTask.run(Unknown Source)
	at java.util.concurrent.ThreadPoolExecutor.runWorker(Unknown Source)
	at java.util.concurrent.ThreadPoolExecutor$Worker.run(Unknown Source)
	at java.lang.Thread.run(Unknown Source)
... Removed 7 stack frames]]>
    </failure>
  </testcase> <!-- Busqueda_Barra_SKU -->
</testsuite> <!-- Test Set - LoginBusquedaProducto - 12102017 -->
